<?xml version="1.0" encoding="UTF-8"?>
<testng-results skipped="0" failed="0" ignored="0" total="1" passed="1">
  <reporter-output>
  </reporter-output>
  <suite name="Default suite" duration-ms="30457" started-at="2022-02-01T15:30:48 IST" finished-at="2022-02-01T15:31:18 IST">
    <groups>
    </groups>
    <test name="Default test" duration-ms="30457" started-at="2022-02-01T15:30:48 IST" finished-at="2022-02-01T15:31:18 IST">
      <class name="com.crm.vtiger.orgTest.CreateOrg">
        <test-method status="PASS" signature="configBS()[pri:0, instance:com.crm.vtiger.orgTest.CreateOrg@76ed1b7c]" name="configBS" is-config="true" duration-ms="11" started-at="2022-02-01T15:30:48 IST" finished-at="2022-02-01T15:30:48 IST">
          <reporter-output>
          </reporter-output>
        </test-method> <!-- configBS -->
        <test-method status="PASS" signature="configBC()[pri:0, instance:com.crm.vtiger.orgTest.CreateOrg@76ed1b7c]" name="configBC" is-config="true" duration-ms="11747" started-at="2022-02-01T15:30:48 IST" finished-at="2022-02-01T15:30:59 IST">
          <reporter-output>
          </reporter-output>
        </test-method> <!-- configBC -->
        <test-method status="PASS" signature="configBM()[pri:0, instance:com.crm.vtiger.orgTest.CreateOrg@76ed1b7c]" name="configBM" is-config="true" duration-ms="4381" started-at="2022-02-01T15:30:59 IST" finished-at="2022-02-01T15:31:04 IST">
          <reporter-output>
          </reporter-output>
        </test-method> <!-- configBM -->
        <test-method status="PASS" signature="createOrgTest()[pri:0, instance:com.crm.vtiger.orgTest.CreateOrg@76ed1b7c]" name="createOrgTest" duration-ms="11783" started-at="2022-02-01T15:31:04 IST" finished-at="2022-02-01T15:31:16 IST">
          <reporter-output>
          </reporter-output>
        </test-method> <!-- createOrgTest -->
        <test-method status="PASS" signature="configAM()[pri:0, instance:com.crm.vtiger.orgTest.CreateOrg@76ed1b7c]" name="configAM" is-config="true" duration-ms="1778" started-at="2022-02-01T15:31:16 IST" finished-at="2022-02-01T15:31:17 IST">
          <reporter-output>
          </reporter-output>
        </test-method> <!-- configAM -->
        <test-method status="PASS" signature="configAC()[pri:0, instance:com.crm.vtiger.orgTest.CreateOrg@76ed1b7c]" name="configAC" is-config="true" duration-ms="716" started-at="2022-02-01T15:31:17 IST" finished-at="2022-02-01T15:31:18 IST">
          <reporter-output>
          </reporter-output>
        </test-method> <!-- configAC -->
        <test-method status="PASS" signature="configAS()[pri:0, instance:com.crm.vtiger.orgTest.CreateOrg@76ed1b7c]" name="configAS" is-config="true" duration-ms="0" started-at="2022-02-01T15:31:18 IST" finished-at="2022-02-01T15:31:18 IST">
          <reporter-output>
          </reporter-output>
        </test-method> <!-- configAS -->
      </class> <!-- com.crm.vtiger.orgTest.CreateOrg -->
    </test> <!-- Default test -->
  </suite> <!-- Default suite -->
</testng-results>
